============================= test session starts ==============================
platform linux -- Python 3.13.5, pytest-9.0.2, pluggy-1.6.0 -- /opt/pyvenv/bin/python3
cachedir: .pytest_cache
metadata: {'Python': '3.13.5', 'Platform': 'Linux-6.18.35-x86_64-with-glibc2.41', 'Packages': {'pytest': '9.0.2', 'pluggy': '1.6.0'}, 'Plugins': {'anyio': '4.13.0', 'cov': '7.0.0', 'Faker': '40.1.2', 'ddtrace': '4.4.0', 'metadata': '3.1.1', 'asyncio': '1.3.0', 'json-report': '1.5.0'}, 'PLATFORM': 'linux/amd64', 'CI': 'true'}
rootdir: /mnt/data/work_v0132/SnapIMS-v0.13.2
configfile: pyproject.toml
testpaths: tests
plugins: anyio-4.13.0, cov-7.0.0, Faker-40.1.2, ddtrace-4.4.0, metadata-3.1.1, asyncio-1.3.0, json-report-1.5.0
asyncio: mode=Mode.STRICT, debug=False, asyncio_default_fixture_loop_scope=None, asyncio_default_test_loop_scope=function
collecting ... collected 276 items

tests/test_catalog_admin.py::test_add_alias_and_rebuild_search_index PASSED [  0%]
tests/test_catalog_admin.py::test_merge_movies_relinks_items_and_is_audited PASSED [  0%]
tests/test_catalog_admin.py::test_split_movie_relinks_only_selected_item PASSED [  1%]
tests/test_catalog_admin.py::test_export_import_round_trip PASSED        [  1%]
tests/test_catalog_admin.py::test_catalog_backup_restores_exact_business_data PASSED [  1%]
tests/test_catalog_admin.py::test_import_rejects_incompatible_schema PASSED [  2%]
tests/test_catalog_admin.py::test_update_movie_fields_preserves_identity_and_old_title_alias PASSED [  2%]
tests/test_catalog_admin.py::test_refresh_movie_source_replaces_source_facts_without_changing_id PASSED [  2%]
tests/test_catalog_admin.py::test_split_link_pending_reconciles_after_restart PASSED [  3%]
tests/test_catalog_admin.py::test_catalog_summary_exposes_operations_health PASSED [  3%]
tests/test_catalog_live_wikipedia.py::test_live_english_wikipedia_gremlins_lookup SKIPPED [  3%]
tests/test_catalog_module.py::test_catalog_schema_is_independent_and_repeatable PASSED [  4%]
tests/test_catalog_module.py::test_normalization_is_conservative PASSED  [  4%]
tests/test_catalog_module.py::test_exact_title_year_and_alias_local_matches PASSED [  5%]
tests/test_catalog_module.py::test_same_title_different_years_remain_separate PASSED [  5%]
tests/test_catalog_module.py::test_remake_collisions_are_separate[The Fly-years0] PASSED [  5%]
tests/test_catalog_module.py::test_remake_collisions_are_separate[Crash-years1] PASSED [  6%]
tests/test_catalog_module.py::test_remake_collisions_are_separate[Halloween-years2] PASSED [  6%]
tests/test_catalog_module.py::test_film_and_television_collision_is_not_silently_unique PASSED [  6%]
tests/test_catalog_module.py::test_wikipedia_fixture_parses_film_metadata PASSED [  7%]
tests/test_catalog_module.py::test_wikipedia_nonfilm_contamination_is_rejected PASSED [  7%]
tests/test_catalog_module.py::test_timeout_rate_limit_and_malformed_response PASSED [  7%]
tests/test_catalog_module.py::test_first_gremlins_creates_one_movie_second_copy_is_local_hit PASSED [  8%]
tests/test_catalog_module.py::test_concurrent_duplicate_ingest_creates_one_movie PASSED [  8%]
tests/test_catalog_module.py::test_ambiguous_candidates_persist_and_operator_can_select PASSED [  9%]
tests/test_catalog_module.py::test_restart_recovers_running_job_without_duplicate PASSED [  9%]
tests/test_catalog_module.py::test_operator_title_correction_marks_old_link_stale_and_relinks PASSED [  9%]
tests/test_catalog_module.py::test_catalog_unavailable_does_not_break_review_or_approval PASSED [ 10%]
tests/test_catalog_module.py::test_catalog_corruption_is_left_untouched PASSED [ 10%]
tests/test_catalog_module.py::test_csv_and_shopify_include_movie_and_item_identity PASSED [ 10%]
tests/test_catalog_module.py::test_review_renders_compact_catalog_status PASSED [ 11%]
tests/test_catalog_module.py::test_catalog_output_has_provenance PASSED  [ 11%]
tests/test_csv.py::test_partial_csv_updates_only_present_columns PASSED  [ 11%]
tests/test_csv.py::test_export_contains_release_year_and_discount PASSED [ 12%]
tests/test_csv_extended.py::test_row_reordering_uses_item_id PASSED      [ 12%]
tests/test_csv_extended.py::test_csv_structure_errors[fields0-rows0-Item ID] PASSED [ 13%]
tests/test_csv_extended.py::test_csv_structure_errors[fields1-rows1-no editable] PASSED [ 13%]
tests/test_csv_extended.py::test_csv_structure_errors[fields2-rows2-Every CSV row] PASSED [ 13%]
tests/test_csv_extended.py::test_unknown_item_rejects_transaction PASSED [ 14%]
tests/test_csv_extended.py::test_duplicate_item_rejected PASSED          [ 14%]
tests/test_csv_extended.py::test_invalid_values_reject_all_updates[Price-not-money] PASSED [ 14%]
tests/test_csv_extended.py::test_invalid_values_reject_all_updates[Quantity-abc] PASSED [ 15%]
tests/test_csv_extended.py::test_invalid_values_reject_all_updates[Release year-year] PASSED [ 15%]
tests/test_csv_extended.py::test_invalid_values_reject_all_updates[Discount percent-none] PASSED [ 15%]
tests/test_csv_extended.py::test_invalid_values_reject_all_updates[Ready status-perhaps] PASSED [ 16%]
tests/test_csv_extended.py::test_explicit_blank_clears_text_but_absent_columns_are_preserved PASSED [ 16%]
tests/test_csv_extended.py::test_release_year_discount_round_trip PASSED [ 17%]
tests/test_csv_extended.py::test_shelf_and_quantity_events_are_written PASSED [ 17%]
tests/test_db_migration.py::test_legacy_v03_upgrade_retains_identity_and_history PASSED [ 17%]
tests/test_db_migration.py::test_pre_migration_backup_created PASSED     [ 18%]
tests/test_db_migration.py::test_post_migration_integrity_and_foreign_keys PASSED [ 18%]
tests/test_db_migration.py::test_failed_migration_restores_original_database PASSED [ 18%]
tests/test_db_migration.py::test_unsupported_future_schema_refused_without_modification PASSED [ 19%]
tests/test_db_migration.py::test_transaction_rolls_back PASSED           [ 19%]
tests/test_db_migration.py::test_controlled_tags_reject_unknown_and_new_retired_selection PASSED [ 19%]
tests/test_db_migration.py::test_ai_tag_ids_are_allowlisted_and_rejections_are_evidence PASSED [ 20%]
tests/test_db_migration.py::test_current_schema_initialize_is_idempotent PASSED [ 20%]
tests/test_db_migration.py::test_schema_v10_has_durable_operational_event_store PASSED [ 21%]
tests/test_db_migration.py::test_backup_round_trip PASSED                [ 21%]
tests/test_import_v0130.py::test_location_is_nullable_and_free_text PASSED [ 21%]
tests/test_import_v0130.py::test_exact_next_grouping_and_strange_placement[layout0-1-None] PASSED [ 22%]
tests/test_import_v0130.py::test_exact_next_grouping_and_strange_placement[layout1-2-None] PASSED [ 22%]
tests/test_import_v0130.py::test_exact_next_grouping_and_strange_placement[layout2-1-leading NEXT ITEM] PASSED [ 22%]
tests/test_import_v0130.py::test_exact_next_grouping_and_strange_placement[layout3-1-trailing NEXT ITEM] PASSED [ 23%]
tests/test_import_v0130.py::test_exact_next_grouping_and_strange_placement[layout4-2-consecutive NEXT ITEM] PASSED [ 23%]
tests/test_import_v0130.py::test_exact_next_grouping_and_strange_placement[layout5-0-No product photographs] PASSED [ 23%]
tests/test_import_v0130.py::test_twenty_items_and_end_of_folder_boundary PASSED [ 24%]
tests/test_import_v0130.py::test_legacy_commands_are_ignored_and_consumer_qr_is_product PASSED [ 24%]
tests/test_import_v0130.py::test_empty_corrupt_unsupported_unicode_and_spaces PASSED [ 25%]
tests/test_import_v0130.py::test_folder_listing_is_immediate_and_does_not_open_photos PASSED [ 25%]
tests/test_import_v0130.py::test_corrections_persist_and_do_not_rescan_unrelated_photos PASSED [ 25%]
tests/test_import_v0130.py::test_only_changed_file_is_invalidated PASSED [ 26%]
tests/test_import_v0130.py::test_location_only_recheck_is_warm_and_zero_scan PASSED [ 26%]
tests/test_import_v0130.py::test_commit_preserves_sources_hashes_once_and_records_identity PASSED [ 26%]
tests/test_import_v0130.py::test_changed_after_preview_rescans_only_file_and_requires_confirmation PASSED [ 27%]
tests/test_import_v0130.py::test_bulk_editor_name_and_location_overrides_keep_ids_and_audit PASSED [ 27%]
tests/test_import_v0130.py::test_duplicate_folder_status_and_resume_after_restart PASSED [ 27%]
tests/test_import_v0130.py::test_web_import_returns_immediately_and_polling_endpoint_survives_refresh PASSED [ 28%]
tests/test_import_v0130.py::test_synthetic_100_item_202_photo_batch_is_cached PASSED [ 28%]
tests/test_import_v0130.py::test_heic_support_when_runtime_is_available SKIPPED [ 28%]
tests/test_infrastructure.py::test_application_cli_config_manager_and_auth_imports PASSED [ 29%]
tests/test_infrastructure.py::test_configuration_loads_project_env_file PASSED [ 29%]
tests/test_infrastructure.py::test_fastapi_startup_and_health PASSED     [ 30%]
tests/test_infrastructure.py::test_health_returns_503_when_required_schema_is_degraded PASSED [ 30%]
tests/test_infrastructure.py::test_authentication_login_logout_flow PASSED [ 30%]
tests/test_infrastructure.py::test_csrf_origin_session_binding_and_security_headers PASSED [ 31%]
tests/test_infrastructure.py::test_login_backoff_is_bounded_and_generic PASSED [ 31%]
tests/test_infrastructure.py::test_partial_authentication_configuration_fails_closed PASSED [ 31%]
tests/test_infrastructure.py::test_cli_core_commands_run PASSED          [ 32%]
tests/test_infrastructure.py::test_doctor_returns_nonzero_when_required_checks_fail PASSED [ 32%]
tests/test_infrastructure.py::test_update_requires_explicit_mode PASSED  [ 32%]
tests/test_infrastructure.py::test_update_apply_refuses_dirty_tree_before_backup PASSED [ 33%]
tests/test_infrastructure.py::test_auth_hash_password_cli_reads_stdin PASSED [ 33%]
tests/test_infrastructure.py::test_service_manager_status_smoke PASSED   [ 34%]
tests/test_infrastructure.py::test_guacamole_status_reports_inaccessible_config PASSED [ 34%]
tests/test_infrastructure.py::test_guacamole_health_accepts_lowercase_guacamole_page PASSED [ 34%]
tests/test_infrastructure.py::test_guacamole_health_rejects_generic_html PASSED [ 35%]
tests/test_infrastructure.py::test_pid_file_cannot_target_unrelated_process PASSED [ 35%]
tests/test_infrastructure.py::test_tunnel_process_without_connector_evidence_is_not_healthy PASSED [ 35%]
tests/test_infrastructure.py::test_guacamole_installer_scripts_are_present_and_valid PASSED [ 36%]
tests/test_infrastructure.py::test_launcher_installer_uses_script_location_and_updates_path_once SKIPPED [ 36%]
tests/test_observability.py::test_redaction_covers_nested_headers_urls_env_tracebacks_and_customer_pii PASSED [ 36%]
tests/test_observability.py::test_redact_text_handles_multiline_cookie_and_url_credentials PASSED [ 37%]
tests/test_observability.py::test_shared_logging_filter_redacts_arguments_and_exception_messages PASSED [ 37%]
tests/test_observability.py::test_events_are_append_safe_queryable_and_durable_across_connections PASSED [ 38%]
tests/test_observability.py::test_event_retention_is_bounded_by_age_and_count PASSED [ 38%]
tests/test_observability.py::test_support_bundle_is_bounded_redacted_and_excludes_binary_media PASSED [ 38%]
tests/test_observability.py::test_log_alias_parser_accepts_composable_contract_filters PASSED [ 39%]
tests/test_observability.py::test_cli_log_filters_and_export_return_only_matching_redacted_events PASSED [ 39%]
tests/test_processor.py::test_import_preserves_originals_and_ids PASSED  [ 39%]
tests/test_processor.py::test_duplicate_import_is_idempotent PASSED      [ 40%]
tests/test_processor.py::test_successful_folder_is_remembered PASSED     [ 40%]
tests/test_protocol.py::test_next_is_only_item_boundary PASSED           [ 40%]
tests/test_protocol.py::test_flags_stack_for_next_item PASSED            [ 41%]
tests/test_protocol.py::test_unknown_command_is_rejected PASSED          [ 41%]
tests/test_protocol.py::test_missing_end_finalizes_with_warning PASSED   [ 42%]
tests/test_protocol_extended.py::test_command_vocabulary[CVHS1:BATCH:START-batch_start-None] PASSED [ 42%]
tests/test_protocol_extended.py::test_command_vocabulary[ cvhs1:batch:end -batch_end-None] PASSED [ 42%]
tests/test_protocol_extended.py::test_command_vocabulary[CVHS1:ITEM:NEXT-item_next-None] PASSED [ 43%]
tests/test_protocol_extended.py::test_command_vocabulary[CVHS1:ITEM:CONT-item_cont-None] PASSED [ 43%]
tests/test_protocol_extended.py::test_command_vocabulary[CVHS1:FLAG:RARE-flag_rare-None] PASSED [ 43%]
tests/test_protocol_extended.py::test_command_vocabulary[CVHS1:FLAG:REVIEW-flag_review-None] PASSED [ 44%]
tests/test_protocol_extended.py::test_command_vocabulary[CVHS1:LOC:Q1-location-Q1] PASSED [ 44%]
tests/test_protocol_extended.py::test_command_vocabulary[CVHS1:LOC:J10-location-J10] PASSED [ 44%]
tests/test_protocol_extended.py::test_invalid_commands_rejected[] PASSED [ 45%]
tests/test_protocol_extended.py::test_invalid_commands_rejected[CVHS1:LOC:A0] PASSED [ 45%]
tests/test_protocol_extended.py::test_invalid_commands_rejected[CVHS1:LOC:K1] PASSED [ 46%]
tests/test_protocol_extended.py::test_invalid_commands_rejected[CVHS1:ITEM:NEW] PASSED [ 46%]
tests/test_protocol_extended.py::test_invalid_commands_rejected[QR:START] PASSED [ 46%]
tests/test_protocol_extended.py::test_all_locations_contains_q1_and_a1_to_j10 PASSED [ 47%]
tests/test_protocol_extended.py::test_batch_name_sanitization[None-None] PASSED [ 47%]
tests/test_protocol_extended.py::test_batch_name_sanitization[-None] PASSED [ 47%]
tests/test_protocol_extended.py::test_batch_name_sanitization[ comedy tapes -COMEDY-TAPES] PASSED [ 48%]
tests/test_protocol_extended.py::test_batch_name_sanitization[a/b:c-A-B-C] PASSED [ 48%]
tests/test_protocol_extended.py::test_pre_start_and_post_end_photos_are_excluded_with_warnings PASSED [ 48%]
tests/test_protocol_extended.py::test_duplicate_start_is_ignored PASSED  [ 49%]
tests/test_protocol_extended.py::test_commands_before_start_are_rejected PASSED [ 49%]
tests/test_protocol_extended.py::test_product_before_location_is_rejected PASSED [ 50%]
tests/test_protocol_extended.py::test_consecutive_next_does_not_create_empty_item PASSED [ 50%]
tests/test_protocol_extended.py::test_mid_item_location_is_deferred PASSED [ 50%]
tests/test_protocol_extended.py::test_flags_scanned_inside_item_apply_to_next_item_and_reset PASSED [ 51%]
tests/test_protocol_extended.py::test_cont_is_a_noop_with_warning PASSED [ 51%]
tests/test_protocol_extended.py::test_unused_flags_warn_at_end PASSED    [ 51%]
tests/test_protocol_extended.py::test_no_start_rejected PASSED           [ 52%]
tests/test_protocol_extended.py::test_no_product_items_rejected PASSED   [ 52%]
tests/test_provider_probes.py::test_openai_discovery_and_bounded_image_schema_probe PASSED [ 52%]
tests/test_provider_probes.py::test_shopify_probe_reports_identity_locations_and_exact_missing_scope PASSED [ 53%]
tests/test_recognition_extended.py::test_suggestion_persists_without_mutating_item PASSED [ 53%]
tests/test_recognition_extended.py::test_acceptance_precedence_explicit_existing_ai_default PASSED [ 53%]
tests/test_recognition_extended.py::test_ordinary_reprocessing_does_not_overwrite_manual_record PASSED [ 54%]
tests/test_recognition_extended.py::test_background_job_persists_progress_and_completes PASSED [ 54%]
tests/test_recognition_extended.py::test_duplicate_start_is_rejected_while_worker_active PASSED [ 55%]
tests/test_recognition_extended.py::test_resume_skips_existing_results_without_duplicates PASSED [ 55%]
tests/test_recognition_extended.py::test_failure_state_and_retry_recovery PASSED [ 55%]
tests/test_recognition_extended.py::test_recognition_history_append_only PASSED [ 56%]
tests/test_recognition_extended.py::test_acceptance_marks_only_latest_result_accepted PASSED [ 56%]
tests/test_recognition_extended.py::test_acceptance_uses_barcode_candidate PASSED [ 56%]
tests/test_recognition_extended.py::test_review_complete_job_state_after_final_acceptance PASSED [ 57%]
tests/test_review.py::test_fast_approval_accepts_suggestion_and_quick_edits PASSED [ 57%]
tests/test_review.py::test_manual_value_precedence_survives_approval PASSED [ 57%]
tests/test_review.py::test_invalid_approval_returns_blocker PASSED       [ 58%]
tests/test_review.py::test_later_preserves_unfinished PASSED             [ 58%]
tests/test_review.py::test_running_job_becomes_paused_after_restart_marker PASSED [ 59%]
tests/test_review_extended.py::test_unified_current_record_prefers_saved_values PASSED [ 59%]
tests/test_review_extended.py::test_physical_position_independent_of_filtered_queue PASSED [ 59%]
tests/test_review_extended.py::test_unfinished_count_decrements_once PASSED [ 60%]
tests/test_review_extended.py::test_quick_edit_variants[1299-0-1299-0] PASSED [ 60%]
tests/test_review_extended.py::test_quick_edit_variants[999-15-999-15] PASSED [ 60%]
tests/test_review_extended.py::test_quick_edit_variants[2099-20-2099-20] PASSED [ 61%]
tests/test_review_extended.py::test_no_second_confirmation_in_http_flow PASSED [ 61%]
tests/test_review_extended.py::test_later_preserves_item_and_cursor PASSED [ 61%]
tests/test_review_extended.py::test_completed_item_correction_same_id_and_no_advance PASSED [ 62%]
tests/test_review_extended.py::test_optimistic_revision_conflict PASSED  [ 62%]
tests/test_review_extended.py::test_location_change_requires_reason_and_is_atomic PASSED [ 63%]
tests/test_review_extended.py::test_location_and_quantity_events PASSED  [ 63%]
tests/test_review_extended.py::test_restart_restores_active_batch_and_cursor PASSED [ 63%]
tests/test_review_extended.py::test_twenty_item_physical_orientation PASSED [ 64%]
tests/test_review_extended.py::test_recognition_status_contracts PASSED  [ 64%]
tests/test_secure_settings.py::test_precedence_and_nonsecret_provenance PASSED [ 64%]
tests/test_secure_settings.py::test_environment_override_is_never_overwritten PASSED [ 65%]
tests/test_secure_settings.py::test_secret_store_is_atomic_masked_and_owner_only PASSED [ 65%]
tests/test_secure_settings.py::test_secret_replacement_has_recoverable_backup PASSED [ 65%]
tests/test_secure_settings.py::test_insecure_secret_store_permissions_are_refused PASSED [ 66%]
tests/test_secure_settings.py::test_legacy_secret_migration_copies_without_deleting_env_file PASSED [ 66%]
tests/test_secure_settings.py::test_only_probed_models_can_be_assigned_to_recognition_roles PASSED [ 67%]
tests/test_secure_settings.py::test_current_manifest_contains_configuration_contract PASSED [ 67%]
tests/test_settings_web.py::test_settings_page_has_all_sections_and_masked_secret PASSED [ 67%]
tests/test_settings_web.py::test_authenticated_secret_save_never_echoes_secret PASSED [ 68%]
tests/test_settings_web.py::test_unsaved_openai_test_secret_is_discarded_and_not_rendered PASSED [ 68%]
tests/test_settings_web.py::test_unsaved_shopify_probe_returns_safe_identity_scope_and_locations PASSED [ 68%]
tests/test_settings_web.py::test_revoke_all_sessions_invalidates_current_cookie PASSED [ 69%]
tests/test_shopify.py::test_simulation_without_credentials PASSED        [ 69%]
tests/test_shopify.py::test_live_requires_confirmation PASSED            [ 69%]
tests/test_shopify.py::test_live_requires_valid_configuration PASSED     [ 70%]
tests/test_shopify.py::test_successful_upload_is_draft_and_checkpointed PASSED [ 70%]
tests/test_shopify.py::test_retry_after_stage_failure_does_not_recreate_completed_product[create_draft_product] PASSED [ 71%]
tests/test_shopify.py::test_retry_after_stage_failure_does_not_recreate_completed_product[configure_variant] PASSED [ 71%]
tests/test_shopify.py::test_retry_after_stage_failure_does_not_recreate_completed_product[activate_inventory] PASSED [ 71%]
tests/test_shopify.py::test_retry_after_stage_failure_does_not_recreate_completed_product[stage_images] PASSED [ 72%]
tests/test_shopify.py::test_retry_after_stage_failure_does_not_recreate_completed_product[upload_staged_images] PASSED [ 72%]
tests/test_shopify.py::test_retry_after_stage_failure_does_not_recreate_completed_product[attach_media] PASSED [ 72%]
tests/test_shopify.py::test_reconcile_product_created_before_local_checkpoint PASSED [ 73%]
tests/test_shopify.py::test_inventory_remote_reconciliation_avoids_double_activation PASSED [ 73%]
tests/test_shopify.py::test_inventory_key_is_persisted_before_request_and_reused PASSED [ 73%]
tests/test_shopify.py::test_inventory_activate_mutation_uses_required_idempotent_directive PASSED [ 74%]
tests/test_shopify.py::test_exact_sku_query_rejects_ambiguous_multiple_matches PASSED [ 74%]
tests/test_shopify.py::test_media_remote_reconciliation_avoids_duplicate_attach PASSED [ 75%]
tests/test_shopify.py::test_media_processing_failure_is_recorded PASSED  [ 75%]
tests/test_shopify.py::test_media_timeout_is_recoverable PASSED          [ 75%]
tests/test_shopify.py::test_existing_non_draft_sku_is_blocked PASSED     [ 76%]
tests/test_v0101_regressions.py::test_schema_14_contains_durable_item_lease PASSED [ 76%]
tests/test_v0101_regressions.py::test_item_lease_blocks_batch_and_request_overlap PASSED [ 76%]
tests/test_v0101_regressions.py::test_quick_accept_rejects_stale_revision PASSED [ 77%]
tests/test_v0101_regressions.py::test_recognition_metadata_acceptance_can_preserve_commercial_fields PASSED [ 77%]
tests/test_v0101_regressions.py::test_auth_disabled_state_change_still_requires_csrf PASSED [ 77%]
tests/test_v0101_regressions.py::test_auth_disabled_refuses_non_local_host PASSED [ 78%]
tests/test_v0101_regressions.py::test_recognition_totals_source_is_not_display_limit PASSED [ 78%]
tests/test_v0101_regressions.py::test_batch_editor_has_serialized_item_queue PASSED [ 78%]
tests/test_v0101_regressions.py::test_tag_picker_exposes_combobox_state PASSED [ 79%]
tests/test_v0101_regressions.py::test_no_accidental_terminal_help_file PASSED [ 79%]
tests/test_v0101_regressions.py::test_release_version_is_current PASSED  [ 80%]
tests/test_v010_phase4_recognition.py::test_capture_source_contract_and_attempt_payload_are_immutable PASSED [ 80%]
tests/test_v010_phase4_recognition.py::test_successful_item_can_rerun_idempotently_without_overwriting_approval PASSED [ 80%]
tests/test_v010_phase4_recognition.py::test_older_attempt_can_be_selected_and_explicitly_reaccepted PASSED [ 81%]
tests/test_v010_phase4_recognition.py::test_unknown_is_preserved_as_valid_non_saleable_attempt PASSED [ 81%]
tests/test_v010_phase4_recognition.py::test_isolated_test_copy_has_separate_identity_and_permanent_quarantine PASSED [ 81%]
tests/test_v010_phase4_recognition.py::test_cost_metadata_uses_configured_table_not_billing_truth PASSED [ 82%]
tests/test_v010_phase4_recognition.py::test_restart_pauses_durable_requests_and_workspace_exposes_controls PASSED [ 82%]
tests/test_v0130_release.py::test_v0123_release_fixture_migrates_forward_without_data_loss PASSED [ 82%]
tests/test_v0132_reliability.py::test_connection_context_explicitly_closes_handle PASSED [ 83%]
tests/test_v0132_reliability.py::test_repeated_database_workflows_do_not_leak_descriptors PASSED [ 83%]
tests/test_v0132_reliability.py::test_simultaneous_same_folder_preview_reuses_one_job PASSED [ 84%]
tests/test_v0132_reliability.py::test_duplicate_commit_is_idempotent PASSED [ 84%]
tests/test_v0132_reliability.py::test_fill_down_actions_are_atomic_audited_and_exact PASSED [ 84%]
tests/test_v0132_reliability.py::test_individual_rare_edit_is_not_silently_discarded PASSED [ 85%]
tests/test_v0132_reliability.py::test_batch_editor_query_and_html_are_bounded PASSED [ 85%]
tests/test_v0132_reliability.py::test_batch_editor_js_contains_safe_selection_and_tag_navigation PASSED [ 85%]
tests/test_v0132_reliability.py::test_schema_15_has_active_folder_uniqueness PASSED [ 86%]
tests/test_v0132_reliability.py::test_publish_page_is_bounded_and_does_not_dry_run_all_items PASSED [ 86%]
tests/test_v060_operator_workstation.py::test_empty_batch_home_shows_operator_instruction PASSED [ 86%]
tests/test_v060_operator_workstation.py::test_native_operating_system_folder_picker_is_removed PASSED [ 87%]
tests/test_v060_operator_workstation.py::test_recognition_job_started_at_none_is_safely_defaulted PASSED [ 87%]
tests/test_v060_operator_workstation.py::test_missing_openai_key_creates_durable_failure PASSED [ 88%]
tests/test_v060_operator_workstation.py::test_review_failure_screen_has_real_recovery_actions PASSED [ 88%]
tests/test_v060_operator_workstation.py::test_media_derivatives_are_persisted_and_measured PASSED [ 88%]
tests/test_v060_operator_workstation.py::test_csv_diff_preview_and_apply_updates_authoritative_batch PASSED [ 89%]
tests/test_v060_operator_workstation.py::test_csv_checkpoint_restore_is_transactional PASSED [ 89%]
tests/test_v060_operator_workstation.py::test_batch_editor_api_edits_and_detects_stale_revision PASSED [ 89%]
tests/test_v060_operator_workstation.py::test_bulk_price_creates_checkpoint_and_updates_selected_rows PASSED [ 90%]
tests/test_v060_operator_workstation.py::test_external_review_requires_valid_records PASSED [ 90%]
tests/test_v060_operator_workstation.py::test_batch_metrics_and_confidence_buckets_are_grounded PASSED [ 90%]
tests/test_v060_operator_workstation.py::test_change_history_records_source_and_values PASSED [ 91%]
tests/test_v061_stabilization.py::test_test_provider_is_disabled_in_production_and_forged_request_is_rejected PASSED [ 91%]
tests/test_v061_stabilization.py::test_historical_test_result_is_blocked_until_deliberate_manual_replacement PASSED [ 92%]
tests/test_v061_stabilization.py::test_unavailable_live_provider_is_blocked_not_failed PASSED [ 92%]
tests/test_v061_stabilization.py::test_staged_csv_failure_is_all_or_nothing_and_stage_remains_recoverable PASSED [ 92%]
tests/test_v061_stabilization.py::test_bulk_failure_rolls_back_and_request_is_idempotent PASSED [ 93%]
tests/test_v061_stabilization.py::test_external_review_failure_changes_nothing PASSED [ 93%]
tests/test_v061_stabilization.py::test_checkpoint_restore_is_audited_and_does_not_fake_remote_rollback PASSED [ 93%]
tests/test_v061_stabilization.py::test_current_schema_with_missing_structure_fails_closed PASSED [ 94%]
tests/test_v061_stabilization.py::test_legacy_nonunique_recognition_jobs_rebuilds_to_one_latest_row PASSED [ 94%]
tests/test_v061_stabilization.py::test_interrupted_import_after_media_finalization_recovers_same_identity PASSED [ 94%]
tests/test_v061_stabilization.py::test_money_policy_is_exact_and_shared PASSED [ 95%]
tests/test_v061_stabilization.py::test_unresolved_recognition_suggestion_confidence_is_visible_in_editor PASSED [ 95%]
tests/test_v061_stabilization.py::test_favicon_and_home_never_expose_python_internals PASSED [ 96%]
tests/test_v070_workstation.py::test_import_uses_configured_batch_home_instead_of_native_picker PASSED [ 96%]
tests/test_v070_workstation.py::test_review_inline_title_override_completes_in_one_request PASSED [ 96%]
tests/test_v070_workstation.py::test_exported_csv_round_trips_with_item_id PASSED [ 97%]
tests/test_v070_workstation.py::test_csv_header_alias_bom_and_semicolon_are_supported PASSED [ 97%]
tests/test_v070_workstation.py::test_v061_legacy_recognition_job_items_is_removed_during_schema8_migration PASSED [ 97%]
tests/test_v070_workstation.py::test_keyboard_contract_is_present_in_browser_assets PASSED [ 98%]
tests/test_v070_workstation.py::test_manual_catalog_jobs_use_distinct_negative_identities PASSED [ 98%]
tests/test_web.py::test_pages_render PASSED                              [ 98%]
tests/test_web.py::test_live_activity_survives_restart_and_support_bundle_is_redacted PASSED [ 99%]
tests/test_web.py::test_preview_has_non_durable_identity_and_import_has_one_id PASSED [ 99%]
tests/test_web.py::test_review_fast_path_by_http PASSED                  [100%]

================== 273 passed, 3 skipped in 107.84s (0:01:47) ==================
